<?xml version="1.0" encoding="UTF-8"?>
<!-- Generated by org.testng.reporters.JUnitReportReporter -->
<testsuite skipped="0" hostname="72Q0R32" name="com.calosi.predictorML.test.BPredictorTest" tests="4" failures="0" timestamp="19 giu 2021 13:11:23 GMT" time="6.139" errors="0">
  <testcase name="setAndCheckOutput" time="3.039" classname="com.calosi.predictorML.test.BPredictorTest"/>
  <testcase name="stationName" time="0.014" classname="com.calosi.predictorML.test.BPredictorTest"/>
  <testcase name="totalBenchmark" time="3.081" classname="com.calosi.predictorML.test.BPredictorTest"/>
  <testcase name="checkPredictionType" time="0.005" classname="com.calosi.predictorML.test.BPredictorTest"/>
</testsuite> <!-- com.calosi.predictorML.test.BPredictorTest -->
